
> frontend@0.1.0 dev
> next dev

▲ Next.js 16.1.3 (Turbopack)
- Local:         http://localhost:3000
- Network:       http://10.12.193.166:3000
- Environments: .env.local

✓ Starting...
⚠ The "middleware" file convention is deprecated. Please use "proxy" instead. Learn more: https://nextjs.org/docs/messages/middleware-to-proxy
✓ Ready in 38.7s
○ Compiling / ...
 GET / 200 in 13.7s (compile: 13.2s, render: 439ms)
 GET /register 200 in 2.9s (compile: 2.7s, proxy.ts: 171ms, render: 85ms)
 GET /register 200 in 409ms (compile: 21ms, proxy.ts: 22ms, render: 365ms)
 GET / 200 in 67ms (compile: 11ms, render: 56ms)
 GET /register 200 in 90ms (compile: 14ms, proxy.ts: 16ms, render: 60ms)
 GET /login 200 in 1117ms (compile: 1034ms, proxy.ts: 10ms, render: 74ms)
 GET /pricing 200 in 1194ms (compile: 1032ms, render: 162ms)
 GET /register 200 in 109ms (compile: 17ms, proxy.ts: 9ms, render: 83ms)
 GET /register 200 in 1095ms (compile: 247ms, proxy.ts: 271ms, render: 577ms)
○ Compiling /verify-otp ...
 GET /verify-otp?email=abdessalemsamet%40gmail.com 200 in 5.5s (compile: 5.2s, proxy.ts: 22ms, render: 255ms)
 GET /register 200 in 601ms (compile: 208ms, proxy.ts: 28ms, render: 365ms)
 GET /verify-otp?email=abdessalemsamet5%40gmail.com 200 in 199ms (compile: 82ms, proxy.ts: 21ms, render: 96ms)
 GET /login 200 in 125ms (compile: 50ms, proxy.ts: 6ms, render: 70ms)
 GET /login 200 in 73ms (compile: 16ms, proxy.ts: 8ms, render: 49ms)
 GET /login 200 in 88ms (compile: 21ms, proxy.ts: 8ms, render: 58ms)
✓ Compiled in 142ms
✓ Compiled in 108ms
✓ Compiled in 109ms
 GET /login 200 in 4.6s (compile: 2.1s, proxy.ts: 6ms, render: 2.5s)
 GET /login 200 in 69ms (compile: 14ms, proxy.ts: 6ms, render: 48ms)
 GET /login 200 in 94ms (compile: 26ms, proxy.ts: 12ms, render: 55ms)
 GET /login 200 in 82ms (compile: 13ms, proxy.ts: 8ms, render: 62ms)
 GET /login 200 in 68ms (compile: 14ms, proxy.ts: 9ms, render: 45ms)
✓ Compiled in 152ms
✓ Compiled in 159ms
✓ Compiled in 150ms
✓ Compiled in 137ms
 GET /login 200 in 400ms (compile: 302ms, proxy.ts: 11ms, render: 87ms)
 GET /login 200 in 523ms (compile: 26ms, proxy.ts: 8ms, render: 488ms)
 GET /login 200 in 87ms (compile: 15ms, proxy.ts: 5ms, render: 66ms)
⚠ Fast Refresh had to perform a full reload when ./src/lib/utils/token.ts changed. Read more: https://nextjs.org/docs/messages/fast-refresh-reload
✓ Compiled in 164ms
 GET /login 200 in 249ms (compile: 10ms, proxy.ts: 191ms, render: 47ms)
✓ Compiled in 93ms
 GET /organizations 200 in 2.5s (compile: 2.4s, proxy.ts: 13ms, render: 57ms)
^C